<?xml version="1.0" encoding="UTF-8"?>
<!-- Generated by org.testng.reporters.JUnitXMLReporter -->
<testsuite ignored="0" hostname="UmaM" failures="0" tests="8" name="Excel1DataDrivenTests" time="79.448" errors="0" timestamp="2025-07-30T16:52:15 IST">
  <testcase classname="AuditCreate1.FullAuditFlowSplit" name="registerUser" time="2.43"/>
  <testcase classname="AuditCreate1.FullAuditFlowSplit" name="registerUser" time="1.948"/>
  <testcase classname="AuditCreate1.FullAuditFlowSplit" name="loginUser" time="1.263"/>
  <testcase classname="AuditCreate1.FullAuditFlowSplit" name="loginUser" time="2.038"/>
  <testcase classname="AuditCreate1.FullAuditFlowSplit" name="goToDashboard" time="0.2"/>
  <testcase classname="AuditCreate1.FullAuditFlowSplit" name="goToDashboard" time="1.88"/>
  <testcase classname="AuditCreate1.FullAuditFlowSplit" name="createAudit" time="34.606"/>
  <testcase classname="AuditCreate1.FullAuditFlowSplit" name="createAudit" time="20.471"/>
</testsuite> <!-- Excel1DataDrivenTests -->
