<?xml version="1.0" encoding="UTF-8"?>
<!-- Generated by org.testng.reporters.JUnitXMLReporter -->
<testsuite ignored="0" hostname="UmaM" failures="0" tests="4" name="ExcelDataDrivenTests" time="25.692" errors="0" timestamp="2025-07-30T11:34:34 IST">
  <testcase classname="testCases.FullAuditFlowSplit" name="registerUser" time="1.797"/>
  <testcase classname="testCases.FullAuditFlowSplit" name="loginUser" time="1.096"/>
  <testcase classname="testCases.FullAuditFlowSplit" name="goToDashboard" time="1.114"/>
  <testcase classname="testCases.FullAuditFlowSplit" name="createAudit" time="16.959"/>
</testsuite> <!-- ExcelDataDrivenTests -->
