<?xml version="1.0" encoding="UTF-8"?>
<!-- Generated by org.testng.reporters.JUnitXMLReporter -->
<testsuite ignored="0" hostname="UmaM" failures="1" tests="3" name="DataDrivenTests" time="36.337" errors="0" timestamp="2025-08-19T14:40:15 IST">
  <testcase classname="AuditCreate2.FullAuditFlowSplit1" name="loginUser" time="2.138"/>
  <testcase classname="AuditCreate2.FullAuditFlowSplit1" name="goToDashboard" time="0.796"/>
  <testcase classname="AuditCreate2.FullAuditFlowSplit1" name="createAudit" time="23.711">
    <failure type="java.lang.AssertionError" message="Audit creation failed or incorrect redirection. expected [http://localhost:5173/] but found [http://localhost:5173/schedule]">
      <![CDATA[java.lang.AssertionError: Audit creation failed or incorrect redirection. expected [http://localhost:5173/] but found [http://localhost:5173/schedule]
at AuditCreate2.FullAuditFlowSplit1.createAudit(FullAuditFlowSplit1.java:77)
at java.base/java.util.ArrayList.forEach(ArrayList.java:1596)
... Removed 34 stack frames]]>
    </failure>
  </testcase> <!-- createAudit -->
</testsuite> <!-- DataDrivenTests -->
