<?xml version="1.0" encoding="UTF-8"?>
<!-- Generated by org.testng.reporters.JUnitXMLReporter -->
<testsuite ignored="0" hostname="UmaM" failures="1" tests="3" name="DataDrivenTests" time="32.736" errors="0" timestamp="2025-08-12T10:01:06 IST">
  <testcase classname="AuditCreate2.FullAuditFlowSplit1" name="loginUser" time="1.604"/>
  <testcase classname="AuditCreate2.FullAuditFlowSplit1" name="goToDashboard" time="0.455"/>
  <testcase classname="AuditCreate2.FullAuditFlowSplit1" name="createAudit" time="18.292">
    <failure type="java.lang.AssertionError" message="Audit creation failed or incorrect redirection. expected [http://localhost:5173/] but found [http://localhost:5173/schedule]">
      <![CDATA[java.lang.AssertionError: Audit creation failed or incorrect redirection. expected [http://localhost:5173/] but found [http://localhost:5173/schedule]
at AuditCreate2.FullAuditFlowSplit1.createAudit(FullAuditFlowSplit1.java:77)
at java.base/java.util.ArrayList.forEach(ArrayList.java:1596)
... Removed 30 stack frames]]>
    </failure>
  </testcase> <!-- createAudit -->
</testsuite> <!-- DataDrivenTests -->
